2026-06-03 03:59:14,146 - __main__ - INFO - 
2026-06-03 03:59:14,146 - __main__ - INFO - ╔════════════════════════════════════════╗
2026-06-03 03:59:14,146 - __main__ - INFO - ║      🚀 DIWANIC FULL PIPELINE         ║
2026-06-03 03:59:14,146 - __main__ - INFO - ╚════════════════════════════════════════╝
2026-06-03 03:59:14,146 - __main__ - INFO - Max poems per poet: 5
2026-06-03 03:59:14,146 - __main__ - INFO - 
2026-06-03 03:59:15,595 - __main__ - INFO - ============================================================
2026-06-03 03:59:15,595 - __main__ - INFO - 🔄 STAGE: Scraping
2026-06-03 03:59:15,595 - __main__ - INFO - ============================================================
2026-06-03 03:59:15,595 - scripts.scrape_all - INFO - ============================================================
2026-06-03 03:59:15,595 - scripts.scrape_all - INFO - 🚀 Starting multi-poet scrape
2026-06-03 03:59:15,595 - scripts.scrape_all - INFO - ============================================================
2026-06-03 03:59:15,603 - scripts.scrape_all - INFO - Loaded 6 poets from config
2026-06-03 03:59:15,604 - scripts.scrape_all - INFO - 📖 Scraping poet: المتنبي (Mutanabi)
2026-06-03 03:59:15,604 - diwanic.scraper.fetcher - INFO - Fetching URL: https://www.aldiwan.net/cat-poet-Mutanabi
2026-06-03 03:59:18,800 - scripts.scrape_all - INFO - Found 323 unique poem links
2026-06-03 03:59:18,800 - scripts.scrape_all - INFO -   [1/5] poem10110.html
2026-06-03 03:59:18,800 - diwanic.scraper.fetcher - INFO - Fetching URL: https://www.aldiwan.net/poem10110.html
2026-06-03 03:59:20,836 - scripts.scrape_all - INFO -     ✓ صلة الهجر لي وهجر الوصال
2026-06-03 03:59:21,841 - scripts.scrape_all - INFO -   [2/5] poem10111.html
2026-06-03 03:59:21,841 - diwanic.scraper.fetcher - INFO - Fetching URL: https://www.aldiwan.net/poem10111.html
2026-06-03 03:59:23,716 - scripts.scrape_all - WARNING -     ✗ Invalid poem (missing required fields)
2026-06-03 03:59:24,717 - scripts.scrape_all - INFO -   [3/5] poem10113.html
2026-06-03 03:59:24,717 - diwanic.scraper.fetcher - INFO - Fetching URL: https://www.aldiwan.net/poem10113.html
2026-06-03 03:59:26,932 - scripts.scrape_all - INFO -     ✓ أبعد نأي المليحة البخل
2026-06-03 03:59:27,933 - scripts.scrape_all - INFO -   [4/5] poem10117.html
2026-06-03 03:59:27,933 - diwanic.scraper.fetcher - INFO - Fetching URL: https://www.aldiwan.net/poem10117.html
2026-06-03 03:59:29,959 - scripts.scrape_all - INFO -     ✓ بقائي شاء ليس هم ارتحالا
2026-06-03 03:59:30,959 - scripts.scrape_all - INFO -   [5/5] poem10125.html
2026-06-03 03:59:30,959 - diwanic.scraper.fetcher - INFO - Fetching URL: https://www.aldiwan.net/poem10125.html
2026-06-03 03:59:32,973 - scripts.scrape_all - INFO -     ✓ في الخد أن عزم الخليط رحيلا
2026-06-03 03:59:33,973 - scripts.scrape_all - INFO - ✅ المتنبي: 4 valid poems, 1 failed
2026-06-03 03:59:33,975 - scripts.scrape_all - INFO - 
2026-06-03 03:59:33,975 - scripts.scrape_all - INFO - 📖 Scraping poet: الإمام الشافعي (al-shafie)
2026-06-03 03:59:33,975 - diwanic.scraper.fetcher - INFO - Fetching URL: https://www.aldiwan.net/cat-poet-al-shafie
2026-06-03 03:59:36,241 - scripts.scrape_all - INFO - Found 144 unique poem links
2026-06-03 03:59:36,241 - scripts.scrape_all - INFO -   [1/5] poem114197.html
2026-06-03 03:59:36,241 - diwanic.scraper.fetcher - INFO - Fetching URL: https://www.aldiwan.net/poem114197.html
2026-06-03 03:59:38,062 - scripts.scrape_all - INFO -     ✓ جهد البلاء
2026-06-03 03:59:39,063 - scripts.scrape_all - INFO -   [2/5] poem114198.html
2026-06-03 03:59:39,063 - diwanic.scraper.fetcher - INFO - Fetching URL: https://www.aldiwan.net/poem114198.html
2026-06-03 03:59:40,897 - scripts.scrape_all - INFO -     ✓ خالف هواك
2026-06-03 03:59:41,898 - scripts.scrape_all - INFO -   [3/5] poem114200.html
2026-06-03 03:59:41,898 - diwanic.scraper.fetcher - INFO - Fetching URL: https://www.aldiwan.net/poem114200.html
2026-06-03 03:59:43,741 - scripts.scrape_all - INFO -     ✓ آل النبي ذريعتي
2026-06-03 03:59:44,742 - scripts.scrape_all - INFO -   [4/5] poem114201.html
2026-06-03 03:59:44,742 - diwanic.scraper.fetcher - INFO - Fetching URL: https://www.aldiwan.net/poem114201.html
2026-06-03 03:59:46,570 - scripts.scrape_all - INFO -     ✓ قد ضلوا
2026-06-03 03:59:47,579 - scripts.scrape_all - INFO -   [5/5] poem114202.html
2026-06-03 03:59:47,580 - diwanic.scraper.fetcher - INFO - Fetching URL: https://www.aldiwan.net/poem114202.html
2026-06-03 03:59:49,420 - scripts.scrape_all - INFO -     ✓ صبرا جميلا ما أقرب الفرجا
2026-06-03 03:59:50,421 - scripts.scrape_all - INFO - ✅ الإمام الشافعي: 5 valid poems, 0 failed
2026-06-03 03:59:50,422 - scripts.scrape_all - INFO - 
2026-06-03 03:59:50,423 - scripts.scrape_all - INFO - 📖 Scraping poet: الأصمعي (al-asmaee)
2026-06-03 03:59:50,423 - diwanic.scraper.fetcher - INFO - Fetching URL: https://www.aldiwan.net/cat-poet-al-asmaee
2026-06-03 03:59:53,753 - scripts.scrape_all - INFO - Found 2 unique poem links
2026-06-03 03:59:53,753 - scripts.scrape_all - INFO -   [1/2] poem26279.html
2026-06-03 03:59:53,753 - diwanic.scraper.fetcher - INFO - Fetching URL: https://www.aldiwan.net/poem26279.html
2026-06-03 03:59:56,042 - scripts.scrape_all - INFO -     ✓ صوت صفير البلبل
2026-06-03 03:59:57,043 - scripts.scrape_all - INFO -   [2/2] poem81158.html
2026-06-03 03:59:57,043 - diwanic.scraper.fetcher - INFO - Fetching URL: https://www.aldiwan.net/poem81158.html
2026-06-03 03:59:59,010 - scripts.scrape_all - INFO -     ✓ النصح أرخص ماباع الرجال فلا
2026-06-03 04:00:00,010 - scripts.scrape_all - INFO - ✅ الأصمعي: 2 valid poems, 0 failed
2026-06-03 04:00:00,012 - scripts.scrape_all - INFO - 
2026-06-03 04:00:00,012 - scripts.scrape_all - INFO - 📖 Scraping poet: أحمد شوقي (ahmed-shawqi)
2026-06-03 04:00:00,012 - diwanic.scraper.fetcher - INFO - Fetching URL: https://www.aldiwan.net/cat-poet-ahmed-shawqi
2026-06-03 04:00:02,974 - scripts.scrape_all - INFO - Found 771 unique poem links
2026-06-03 04:00:02,974 - scripts.scrape_all - INFO -   [1/5] poem11330.html
2026-06-03 04:00:02,974 - diwanic.scraper.fetcher - INFO - Fetching URL: https://www.aldiwan.net/poem11330.html
2026-06-03 04:00:04,880 - scripts.scrape_all - INFO -     ✓ لك في الأرض والسماء مآتم
2026-06-03 04:00:05,881 - scripts.scrape_all - INFO -   [2/5] poem11331.html
2026-06-03 04:00:05,881 - diwanic.scraper.fetcher - INFO - Fetching URL: https://www.aldiwan.net/poem11331.html
2026-06-03 04:00:07,906 - scripts.scrape_all - INFO -     ✓ إلى الله أشكو من عوادي النوى سهما
2026-06-03 04:00:08,907 - scripts.scrape_all - INFO -   [3/5] poem139244.html
2026-06-03 04:00:08,907 - diwanic.scraper.fetcher - INFO - Fetching URL: https://www.aldiwan.net/poem139244.html
2026-06-03 04:00:11,109 - scripts.scrape_all - INFO -     ✓ تولستوي تجري آية العلم دمعها
2026-06-03 04:00:12,110 - scripts.scrape_all - INFO -   [4/5] poem139245.html
2026-06-03 04:00:12,110 - diwanic.scraper.fetcher - INFO - Fetching URL: https://www.aldiwan.net/poem139245.html
2026-06-03 04:00:13,972 - scripts.scrape_all - INFO -     ✓ سهرت منه الليالي
2026-06-03 04:00:14,972 - scripts.scrape_all - INFO -   [5/5] poem139246.html
2026-06-03 04:00:14,972 - diwanic.scraper.fetcher - INFO - Fetching URL: https://www.aldiwan.net/poem139246.html
2026-06-03 04:00:16,838 - scripts.scrape_all - INFO -     ✓ أسائل خاطري عما سباني
2026-06-03 04:00:17,840 - scripts.scrape_all - INFO - ✅ أحمد شوقي: 5 valid poems, 0 failed
2026-06-03 04:00:17,842 - scripts.scrape_all - INFO - 
2026-06-03 04:00:17,842 - scripts.scrape_all - INFO - 📖 Scraping poet: محمود درويش (Mahmoud-Darwish)
2026-06-03 04:00:17,842 - diwanic.scraper.fetcher - INFO - Fetching URL: https://www.aldiwan.net/cat-poet-Mahmoud-Darwish
2026-06-03 04:00:21,880 - scripts.scrape_all - INFO - Found 509 unique poem links
2026-06-03 04:00:21,880 - scripts.scrape_all - INFO -   [1/5] poem140148.html
2026-06-03 04:00:21,880 - diwanic.scraper.fetcher - INFO - Fetching URL: https://www.aldiwan.net/poem140148.html
2026-06-03 04:00:23,881 - scripts.scrape_all - WARNING -     ✗ Invalid poem (missing required fields)
2026-06-03 04:00:24,885 - scripts.scrape_all - INFO -   [2/5] poem2259.html
2026-06-03 04:00:24,885 - diwanic.scraper.fetcher - INFO - Fetching URL: https://www.aldiwan.net/poem2259.html
2026-06-03 04:00:27,098 - scripts.scrape_all - WARNING -     ✗ Invalid poem (missing required fields)
2026-06-03 04:00:28,099 - scripts.scrape_all - INFO -   [3/5] poem2260.html
2026-06-03 04:00:28,099 - diwanic.scraper.fetcher - INFO - Fetching URL: https://www.aldiwan.net/poem2260.html
2026-06-03 04:00:30,079 - scripts.scrape_all - WARNING -     ✗ Invalid poem (missing required fields)
2026-06-03 04:00:31,079 - scripts.scrape_all - INFO -   [4/5] poem2261.html
2026-06-03 04:00:31,079 - diwanic.scraper.fetcher - INFO - Fetching URL: https://www.aldiwan.net/poem2261.html
2026-06-03 04:00:33,063 - scripts.scrape_all - WARNING -     ✗ Invalid poem (missing required fields)
2026-06-03 04:00:34,064 - scripts.scrape_all - INFO -   [5/5] poem2262.html
2026-06-03 04:00:34,064 - diwanic.scraper.fetcher - INFO - Fetching URL: https://www.aldiwan.net/poem2262.html
2026-06-03 04:00:36,278 - scripts.scrape_all - WARNING -     ✗ Invalid poem (missing required fields)
2026-06-03 04:00:37,279 - scripts.scrape_all - INFO - ✅ محمود درويش: 0 valid poems, 5 failed
2026-06-03 04:00:37,282 - scripts.scrape_all - INFO - 
2026-06-03 04:00:37,282 - scripts.scrape_all - INFO - 📖 Scraping poet: ابو نواس (abu-nawas)
2026-06-03 04:00:37,282 - diwanic.scraper.fetcher - INFO - Fetching URL: https://www.aldiwan.net/cat-poet-abu-nawas
2026-06-03 04:00:40,622 - scripts.scrape_all - INFO - Found 1175 unique poem links
2026-06-03 04:00:40,623 - scripts.scrape_all - INFO -   [1/5] poem10397.html
2026-06-03 04:00:40,623 - diwanic.scraper.fetcher - INFO - Fetching URL: https://www.aldiwan.net/poem10397.html
2026-06-03 04:00:42,658 - scripts.scrape_all - INFO -     ✓ دع عنك لومي فإن اللوم إغراء
2026-06-03 04:00:43,664 - scripts.scrape_all - INFO -   [2/5] poem10398.html
2026-06-03 04:00:43,664 - diwanic.scraper.fetcher - INFO - Fetching URL: https://www.aldiwan.net/poem10398.html
2026-06-03 04:00:45,677 - scripts.scrape_all - INFO -     ✓ أثن على الخمر بآلائها
2026-06-03 04:00:46,679 - scripts.scrape_all - INFO -   [3/5] poem10399.html
2026-06-03 04:00:46,679 - diwanic.scraper.fetcher - INFO - Fetching URL: https://www.aldiwan.net/poem10399.html
2026-06-03 04:00:48,782 - scripts.scrape_all - INFO -     ✓ وندمان يرى غبنا عليه
2026-06-03 04:00:49,788 - scripts.scrape_all - INFO -   [4/5] poem10400.html
2026-06-03 04:00:49,789 - diwanic.scraper.fetcher - INFO - Fetching URL: https://www.aldiwan.net/poem10400.html
2026-06-03 04:00:51,825 - scripts.scrape_all - INFO -     ✓ لا يصرفنك عن قصف وإصباء
2026-06-03 04:00:52,827 - scripts.scrape_all - INFO -   [5/5] poem10401.html
2026-06-03 04:00:52,827 - diwanic.scraper.fetcher - INFO - Fetching URL: https://www.aldiwan.net/poem10401.html
2026-06-03 04:00:54,723 - scripts.scrape_all - INFO -     ✓ ومترف عقل الحياء لسانه
2026-06-03 04:00:55,727 - scripts.scrape_all - INFO - ✅ ابو نواس: 5 valid poems, 0 failed
2026-06-03 04:00:55,729 - scripts.scrape_all - INFO - 
2026-06-03 04:00:55,729 - __main__ - INFO - ✅ STAGE 'Scraping' completed in 100.1s
2026-06-03 04:00:55,730 - __main__ - INFO - ============================================================
2026-06-03 04:00:55,730 - __main__ - INFO - 🔄 STAGE: Saving raw poems
2026-06-03 04:00:55,730 - __main__ - INFO - ============================================================
2026-06-03 04:00:55,747 - scripts.scrape_all - INFO - 💾 Saved 21 poems to: data/raw/poems_all.jsonl
2026-06-03 04:00:55,747 - __main__ - INFO - ✅ STAGE 'Saving raw poems' completed in 0.0s
2026-06-03 04:00:55,747 - __main__ - INFO - ============================================================
2026-06-03 04:00:55,747 - __main__ - INFO - 🔄 STAGE: Preprocessing (clean + normalize)
2026-06-03 04:00:55,747 - __main__ - INFO - ============================================================
2026-06-03 04:00:55,758 - scripts.preprocess_data - INFO - Reading raw data from: data/raw/poems_all.jsonl
2026-06-03 04:00:55,794 - scripts.preprocess_data - INFO - ✅ Processed 21 poems.
2026-06-03 04:00:55,794 - scripts.preprocess_data - INFO - 💾 Saved to: data/processed/poems_cleaned.jsonl
2026-06-03 04:00:55,794 - __main__ - INFO - ✅ STAGE 'Preprocessing (clean + normalize)' completed in 0.0s
2026-06-03 04:00:55,794 - __main__ - INFO - ============================================================
2026-06-03 04:00:55,794 - __main__ - INFO - 🔄 STAGE: Generating embeddings
2026-06-03 04:00:55,794 - __main__ - INFO - ============================================================
2026-06-03 04:00:55,794 - diwanic.embeddings.generator - INFO - Loading model: intfloat/multilingual-e5-small
Warning: You are sending unauthenticated requests to the HF Hub. Please set a HF_TOKEN to enable higher rate limits and faster downloads.
Loading weights:   0%|          | 0/199 [00:00<?, ?it/s]Loading weights:  31%|███       | 62/199 [00:00<00:00, 608.87it/s]Loading weights:  63%|██████▎   | 126/199 [00:00<00:00, 625.00it/s]Loading weights: 100%|██████████| 199/199 [00:00<00:00, 743.59it/s]
2026-06-03 04:01:06,838 - diwanic.embeddings.generator - INFO - Embedding dimension: 384
2026-06-03 04:01:06,848 - diwanic.embeddings.generator - INFO - Reading poems from: data/processed/poems_cleaned.jsonl
2026-06-03 04:01:06,865 - diwanic.embeddings.generator - INFO - Loaded 21 poems
2026-06-03 04:01:06,865 - diwanic.embeddings.generator - INFO - Generating embeddings with batch_size=16...
2026-06-03 04:01:15,019 - diwanic.embeddings.generator - INFO - Writing to: data/embeddings/poems_with_embeddings.jsonl
2026-06-03 04:01:15,047 - diwanic.embeddings.generator - INFO - ✅ Embedded 21 poems
2026-06-03 04:01:15,048 - diwanic.embeddings.generator - INFO - 💾 Saved to: data/embeddings/poems_with_embeddings.jsonl
2026-06-03 04:01:15,048 - __main__ - INFO - ✅ STAGE 'Generating embeddings' completed in 19.3s
2026-06-03 04:01:15,048 - __main__ - INFO - 
2026-06-03 04:01:15,049 - __main__ - INFO - ╔════════════════════════════════════════╗
2026-06-03 04:01:15,049 - __main__ - INFO - ║   ✅ PIPELINE COMPLETE                 ║
2026-06-03 04:01:15,049 - __main__ - INFO - ╚════════════════════════════════════════╝
2026-06-03 04:01:15,049 - __main__ - INFO -   Total time:      120.9s
2026-06-03 04:01:15,049 - __main__ - INFO -   Poems scraped:   21
2026-06-03 04:01:15,049 - __main__ - INFO -   Raw data:        data/raw/poems_all.jsonl
2026-06-03 04:01:15,049 - __main__ - INFO -   Cleaned data:    data/processed/poems_cleaned.jsonl
2026-06-03 04:01:15,049 - __main__ - INFO -   Embeddings:      data/embeddings/poems_with_embeddings.jsonl
2026-06-03 04:01:15,049 - __main__ - INFO - 
